<?xml version="1.0" encoding="utf-8"?><testsuites name="pytest tests"><testsuite name="pytest" errors="0" failures="0" skipped="0" tests="10" time="58.614" timestamp="2026-08-17T07:21:33.610048+00:00" hostname="agent-env-03d88e62-71c9-4d0f-b7bf-8bdbff8e8a93"><testcase classname="tests.test_iteration6.TestItineraryCreate" name="test_create_defaults" time="0.531" /><testcase classname="tests.test_iteration6.TestItineraryShare" name="test_share_invalid_id" time="0.050" /><testcase classname="tests.test_iteration6.TestItineraryShare" name="test_share_unknown_id" time="0.046" /><testcase classname="tests.test_iteration6.TestItineraryShare" name="test_share_forbidden_for_other_user" time="0.412" /><testcase classname="tests.test_iteration6.TestItineraryShare" name="test_share_enable_generates_slug" time="0.051" /><testcase classname="tests.test_iteration6.TestItineraryShare" name="test_public_get_no_auth" time="0.106" /><testcase classname="tests.test_iteration6.TestItineraryShare" name="test_share_disable_returns_404" time="0.183" /><testcase classname="tests.test_iteration6.TestPlannerRegenerate" name="test_regenerate_with_previous_content" time="19.996" /><testcase classname="tests.test_iteration6.TestPlannerRegenerate" name="test_regenerate_empty_previous" time="21.043" /><testcase classname="tests.test_iteration6.TestPlannerRegenerate" name="test_regenerate_long_previous" time="16.125" /></testsuite></testsuites>