<?xml version="1.0" encoding="utf-8"?><testsuites name="pytest tests"><testsuite name="pytest" errors="0" failures="0" skipped="0" tests="11" time="2.720" timestamp="2026-08-17T08:17:55.731048+00:00" hostname="agent-env-03d88e62-71c9-4d0f-b7bf-8bdbff8e8a93"><testcase classname="tests.test_iteration8_google_auth.TestPasswordAuthRegression" name="test_admin_login_and_me" time="0.638" /><testcase classname="tests.test_iteration8_google_auth.TestGoogleSessionEndpoint" name="test_missing_session_id_422" time="0.269" /><testcase classname="tests.test_iteration8_google_auth.TestGoogleSessionEndpoint" name="test_short_session_id_422" time="0.322" /><testcase classname="tests.test_iteration8_google_auth.TestGoogleSessionEndpoint" name="test_invalid_session_401" time="0.447" /><testcase classname="tests.test_iteration8_google_auth.TestPasswordAuthRegression" name="test_register_login_logout" time="0.546" /><testcase classname="tests.test_iteration8_google_auth.TestGoogleSessionEndpoint" name="test_endpoint_never_500_on_junk" time="0.636" /><testcase classname="tests.test_iteration8_google_auth.TestPasswordAuthRegression" name="test_admin_can_list_plans" time="0.553" /><testcase classname="tests.test_iteration8_google_auth.TestGoogleMergeLogic" name="test_google_user_created_with_role_user" time="0.123" /><testcase classname="tests.test_iteration8_google_auth.TestSimulatedGoogleUserFlow" name="test_google_user_can_use_wishlist" time="0.365" /><testcase classname="tests.test_iteration8_google_auth.TestGoogleMergeLogic" name="test_merge_keeps_single_user_and_admin_role" time="0.005" /><testcase classname="tests.test_iteration8_google_auth.TestGoogleMergeLogic" name="test_unique_email_index_prevents_duplicates" time="0.002" /></testsuite></testsuites>