<?xml version="1.0" encoding="utf-8"?><testsuites name="pytest tests"><testsuite name="pytest" errors="0" failures="0" skipped="0" tests="18" time="5.456" timestamp="2026-08-17T07:53:30.834163+00:00" hostname="agent-env-03d88e62-71c9-4d0f-b7bf-8bdbff8e8a93"><testcase classname="tests.test_iteration7.TestShareOG" name="test_share_html_ok" time="0.654" /><testcase classname="tests.test_iteration7.TestShareOG" name="test_share_html_404_unknown" time="0.110" /><testcase classname="tests.test_iteration7.TestShareOG" name="test_share_image_1200x630" time="0.263" /><testcase classname="tests.test_iteration7.TestShareOG" name="test_share_image_404_unknown" time="0.154" /><testcase classname="tests.test_iteration7.TestPlans" name="test_public_plans_only_active" time="0.098" /><testcase classname="tests.test_iteration7.TestPlans" name="test_admin_plans_requires_auth" time="0.114" /><testcase classname="tests.test_iteration7.TestPlans" name="test_admin_plans_crud" time="0.411" /><testcase classname="tests.test_iteration7.TestPayments" name="test_config_public" time="0.094" /><testcase classname="tests.test_iteration7.TestPayments" name="test_snap_token_success" time="1.325" /><testcase classname="tests.test_iteration7.TestPayments" name="test_snap_token_plan_not_found" time="0.127" /><testcase classname="tests.test_iteration7.TestPayments" name="test_snap_token_bad_partner_id" time="0.256" /><testcase classname="tests.test_iteration7.TestPayments" name="test_snap_token_unapproved_partner" time="0.456" /><testcase classname="tests.test_iteration7.TestWebhook" name="test_bad_signature" time="0.103" /><testcase classname="tests.test_iteration7.TestWebhook" name="test_missing_fields" time="0.128" /><testcase classname="tests.test_iteration7.TestWebhook" name="test_pending_does_not_activate" time="0.223" /><testcase classname="tests.test_iteration7.TestWebhook" name="test_settlement_activates_and_idempotent" time="0.453" /><testcase classname="tests.test_iteration7.TestWebhook" name="test_status_unknown_order" time="0.118" /><testcase classname="tests.test_iteration7.TestSorting" name="test_premium_partner_first" time="0.263" /></testsuite></testsuites>