<?xml version="1.0" encoding="utf-8"?><testsuites name="pytest tests"><testsuite name="pytest" errors="0" failures="0" skipped="0" tests="11" time="3.589" timestamp="2026-08-17T05:08:46.443136+00:00" hostname="agent-env-03d88e62-71c9-4d0f-b7bf-8bdbff8e8a93"><testcase classname="tests.test_iteration3.TestItineraries" name="test_requires_auth" time="0.350" /><testcase classname="tests.test_iteration3.TestPartners" name="test_register_partner_public" time="0.168" /><testcase classname="tests.test_iteration3.TestPartners" name="test_register_partner_validation" time="0.257" /><testcase classname="tests.test_iteration3.TestItineraries" name="test_create_list_delete_owner_only" time="1.131" /><testcase classname="tests.test_iteration3.TestPartners" name="test_public_list_returns_only_approved" time="1.464" /><testcase classname="tests.test_iteration3.TestItineraries" name="test_validation" time="0.105" /><testcase classname="tests.test_iteration3.TestTrending" name="test_trending_route_not_shadowed" time="0.097" /><testcase classname="tests.test_iteration3.TestTrending" name="test_trending_reflects_wishlist_events" time="0.539" /><testcase classname="tests.test_iteration3.TestPartners" name="test_admin_endpoint_requires_admin" time="0.523" /><testcase classname="tests.test_iteration3.TestPartners" name="test_admin_endpoint_lists_all_statuses" time="0.274" /><testcase classname="tests.test_iteration3.TestPartners" name="test_delete_and_patch_require_admin" time="0.573" /></testsuite></testsuites>