<?xml version="1.0" encoding="utf-8"?><testsuites name="pytest tests"><testsuite name="pytest" errors="0" failures="0" skipped="0" tests="9" time="42.979" timestamp="2026-08-17T04:50:19.693047+00:00" hostname="agent-env-03d88e62-71c9-4d0f-b7bf-8bdbff8e8a93"><testcase classname="tests.backend_test.TestUpload" name="test_upload_requires_auth" time="0.208" /><testcase classname="tests.backend_test.TestReviews" name="test_create_requires_auth" time="0.547" /><testcase classname="tests.backend_test.TestUpload" name="test_upload_rejects_non_image" time="0.394" /><testcase classname="tests.backend_test.TestUpload" name="test_upload_success_and_serve" time="0.561" /><testcase classname="tests.backend_test.TestTripPlanner" name="test_indonesian_itinerary" time="25.693" /><testcase classname="tests.backend_test.TestReviews" name="test_rating_validation" time="0.844" /><testcase classname="tests.backend_test.TestReviews" name="test_create_list_delete_flow" time="1.160" /><testcase classname="tests.backend_test.TestReviews" name="test_admin_can_delete_any" time="0.129" /><testcase classname="tests.backend_test.TestTripPlanner" name="test_english_itinerary" time="15.722" /></testsuite></testsuites>